# JRE version: Java(TM) SE Runtime Environment (8.0_144-b01) (build 1.8.0_144-b01)
# Java VM: Java HotSpot(TM) 64-Bit Server VM (25.144-b01 mixed mode linux-amd64 compressed oops)
Heap:
 PSYoungGen      total 221696K, used 45140K [0x00000000d6f00000, 0x00000000ebe00000, 0x0000000100000000)
  eden space 204800K, 17% used [0x00000000d6f00000,0x00000000d920e848,0x00000000e3700000)
  from space 16896K, 54% used [0x00000000e3700000,0x00000000e4006928,0x00000000e4780000)
  to   space 15872K, 0% used [0x00000000eae80000,0x00000000eae80000,0x00000000ebe00000)
 ParOldGen       total 90624K, used 22206K [0x0000000084c00000, 0x000000008a480000, 0x00000000d6f00000)
  object space 90624K, 24% used [0x0000000084c00000,0x00000000861afaa0,0x000000008a480000)
 Metaspace       used 44104K, capacity 45020K, committed 45144K, reserved 1087488K
  class space    used 5898K, capacity 6183K, committed 6272K, reserved 1048576K
GC Heap History (10 events):
Event: 2.491 GC heap before
{Heap before GC invocations=5 (full 1):
 PSYoungGen      total 132096K, used 5092K [0x00000000d6f00000, 0x00000000df500000, 0x0000000100000000)
  eden space 126976K, 0% used [0x00000000d6f00000,0x00000000d6f00000,0x00000000deb00000)
  from space 5120K, 99% used [0x00000000df000000,0x00000000df4f9050,0x00000000df500000)
  to   space 5120K, 0% used [0x00000000deb00000,0x00000000deb00000,0x00000000df000000)
 ParOldGen       total 84992K, used 8675K [0x0000000084c00000, 0x0000000089f00000, 0x00000000d6f00000)
  object space 84992K, 10% used [0x0000000084c00000,0x0000000085478ed8,0x0000000089f00000)
 Metaspace       used 20842K, capacity 21068K, committed 21248K, reserved 1067008K
  class space    used 2878K, capacity 2965K, committed 3072K, reserved 1048576K
Event: 2.567 GC heap after
Heap after GC invocations=5 (full 1):
 PSYoungGen      total 132096K, used 0K [0x00000000d6f00000, 0x00000000df500000, 0x0000000100000000)
  eden space 126976K, 0% used [0x00000000d6f00000,0x00000000d6f00000,0x00000000deb00000)
  from space 5120K, 0% used [0x00000000df000000,0x00000000df000000,0x00000000df500000)
  to   space 5120K, 0% used [0x00000000deb00000,0x00000000deb00000,0x00000000df000000)
 ParOldGen       total 56832K, used 7986K [0x0000000084c00000, 0x0000000088380000, 0x00000000d6f00000)
  object space 56832K, 14% used [0x0000000084c00000,0x00000000853cc9f0,0x0000000088380000)
 Metaspace       used 20842K, capacity 21068K, committed 21248K, reserved 1067008K
  class space    used 2878K, capacity 2965K, committed 3072K, reserved 1048576K
}
Event: 4.852 GC heap before
{Heap before GC invocations=6 (full 1):
 PSYoungGen      total 132096K, used 126976K [0x00000000d6f00000, 0x00000000df500000, 0x0000000100000000)
  eden space 126976K, 100% used [0x00000000d6f00000,0x00000000deb00000,0x00000000deb00000)
  from space 5120K, 0% used [0x00000000df000000,0x00000000df000000,0x00000000df500000)
  to   space 5120K, 0% used [0x00000000deb00000,0x00000000deb00000,0x00000000df000000)
 ParOldGen       total 56832K, used 7986K [0x0000000084c00000, 0x0000000088380000, 0x00000000d6f00000)
  object space 56832K, 14% used [0x0000000084c00000,0x00000000853cc9f0,0x0000000088380000)
 Metaspace       used 30674K, capacity 31158K, committed 31360K, reserved 1077248K
  class space    used 4254K, capacity 4452K, committed 4480K, reserved 1048576K
Event: 4.872 GC heap after
Heap after GC invocations=6 (full 1):
 PSYoungGen      total 132096K, used 5106K [0x00000000d6f00000, 0x00000000e5600000, 0x0000000100000000)
  eden space 126976K, 0% used [0x00000000d6f00000,0x00000000d6f00000,0x00000000deb00000)
  from space 5120K, 99% used [0x00000000deb00000,0x00000000deffcb38,0x00000000df000000)
  to   space 14336K, 0% used [0x00000000e4800000,0x00000000e4800000,0x00000000e5600000)
 ParOldGen       total 56832K, used 14648K [0x0000000084c00000, 0x0000000088380000, 0x00000000d6f00000)
  object space 56832K, 25% used [0x0000000084c00000,0x0000000085a4e298,0x0000000088380000)
 Metaspace       used 30674K, capacity 31158K, committed 31360K, reserved 1077248K
  class space    used 4254K, capacity 4452K, committed 4480K, reserved 1048576K
}
Event: 6.021 GC heap before
{Heap before GC invocations=7 (full 1):
 PSYoungGen      total 132096K, used 101550K [0x00000000d6f00000, 0x00000000e5600000, 0x0000000100000000)
  eden space 126976K, 75% used [0x00000000d6f00000,0x00000000dcd2ed30,0x00000000deb00000)
  from space 5120K, 99% used [0x00000000deb00000,0x00000000deffcb38,0x00000000df000000)
  to   space 14336K, 0% used [0x00000000e4800000,0x00000000e4800000,0x00000000e5600000)
 ParOldGen       total 56832K, used 14648K [0x0000000084c00000, 0x0000000088380000, 0x00000000d6f00000)
  object space 56832K, 25% used [0x0000000084c00000,0x0000000085a4e298,0x0000000088380000)
 Metaspace       used 34596K, capacity 35216K, committed 35416K, reserved 1079296K
  class space    used 4746K, capacity 4967K, committed 4992K, reserved 1048576K
Event: 6.056 GC heap after
Heap after GC invocations=7 (full 1):
 PSYoungGen      total 219136K, used 14321K [0x00000000d6f00000, 0x00000000e5800000, 0x0000000100000000)
  eden space 204800K, 0% used [0x00000000d6f00000,0x00000000d6f00000,0x00000000e3700000)
  from space 14336K, 99% used [0x00000000e4800000,0x00000000e55fc410,0x00000000e5600000)
  to   space 16896K, 0% used [0x00000000e3700000,0x00000000e3700000,0x00000000e4780000)
 ParOldGen       total 56832K, used 14767K [0x0000000084c00000, 0x0000000088380000, 0x00000000d6f00000)
  object space 56832K, 25% used [0x0000000084c00000,0x0000000085a6bdc0,0x0000000088380000)
 Metaspace       used 34596K, capacity 35216K, committed 35416K, reserved 1079296K
  class space    used 4746K, capacity 4967K, committed 4992K, reserved 1048576K
}
Event: 6.056 GC heap before
{Heap before GC invocations=8 (full 2):
 PSYoungGen      total 219136K, used 14321K [0x00000000d6f00000, 0x00000000e5800000, 0x0000000100000000)
  eden space 204800K, 0% used [0x00000000d6f00000,0x00000000d6f00000,0x00000000e3700000)
  from space 14336K, 99% used [0x00000000e4800000,0x00000000e55fc410,0x00000000e5600000)
  to   space 16896K, 0% used [0x00000000e3700000,0x00000000e3700000,0x00000000e4780000)
 ParOldGen       total 56832K, used 14767K [0x0000000084c00000, 0x0000000088380000, 0x00000000d6f00000)
  object space 56832K, 25% used [0x0000000084c00000,0x0000000085a6bdc0,0x0000000088380000)
 Metaspace       used 34596K, capacity 35216K, committed 35416K, reserved 1079296K
  class space    used 4746K, capacity 4967K, committed 4992K, reserved 1048576K
Event: 6.181 GC heap after
Heap after GC invocations=8 (full 2):
 PSYoungGen      total 219136K, used 0K [0x00000000d6f00000, 0x00000000e5800000, 0x0000000100000000)
  eden space 204800K, 0% used [0x00000000d6f00000,0x00000000d6f00000,0x00000000e3700000)
  from space 14336K, 0% used [0x00000000e4800000,0x00000000e4800000,0x00000000e5600000)
  to   space 16896K, 0% used [0x00000000e3700000,0x00000000e3700000,0x00000000e4780000)
 ParOldGen       total 90624K, used 22126K [0x0000000084c00000, 0x000000008a480000, 0x00000000d6f00000)
  object space 90624K, 24% used [0x0000000084c00000,0x000000008619ba90,0x000000008a480000)
 Metaspace       used 34596K, capacity 35216K, committed 35416K, reserved 1079296K
  class space    used 4746K, capacity 4967K, committed 4992K, reserved 1048576K
}
Event: 100.620 GC heap before
{Heap before GC invocations=9 (full 2):
 PSYoungGen      total 219136K, used 204800K [0x00000000d6f00000, 0x00000000e5800000, 0x0000000100000000)
  eden space 204800K, 100% used [0x00000000d6f00000,0x00000000e3700000,0x00000000e3700000)
  from space 14336K, 0% used [0x00000000e4800000,0x00000000e4800000,0x00000000e5600000)
  to   space 16896K, 0% used [0x00000000e3700000,0x00000000e3700000,0x00000000e4780000)
 ParOldGen       total 90624K, used 22126K [0x0000000084c00000, 0x000000008a480000, 0x00000000d6f00000)
  object space 90624K, 24% used [0x0000000084c00000,0x000000008619ba90,0x000000008a480000)
 Metaspace       used 44092K, capacity 45020K, committed 45144K, reserved 1087488K
  class space    used 5896K, capacity 6183K, committed 6272K, reserved 1048576K
Event: 100.637 GC heap after
Heap after GC invocations=9 (full 2):
 PSYoungGen      total 221696K, used 9242K [0x00000000d6f00000, 0x00000000ebe00000, 0x0000000100000000)
  eden space 204800K, 0% used [0x00000000d6f00000,0x00000000d6f00000,0x00000000e3700000)
  from space 16896K, 54% used [0x00000000e3700000,0x00000000e4006928,0x00000000e4780000)
  to   space 15872K, 0% used [0x00000000eae80000,0x00000000eae80000,0x00000000ebe00000)
 ParOldGen       total 90624K, used 22206K [0x0000000084c00000, 0x000000008a480000, 0x00000000d6f00000)
  object space 90624K, 24% used [0x0000000084c00000,0x00000000861afaa0,0x000000008a480000)
 Metaspace       used 44092K, capacity 45020K, committed 45144K, reserved 1087488K
  class space    used 5896K, capacity 6183K, committed 6272K, reserved 1048576K
}

